<?xml version="1.0" encoding="UTF-8" ?>
<testsuites>
  <testsuite errors="0" failures="0" hostname="theLizard" id="0" name="SkimlinksServiceTests" package="skimlinksadmin" tests="1" time="0.608" timestamp="2013-08-20T05:51:08">
      <properties />

      <testcase classname="skimlinksadmin.SkimlinksServiceTests" name="testSomething" time="0.607" />

      <system-out><![CDATA[--Output from testSomething--
]]></system-out>

      <system-err><![CDATA[--Output from testSomething--
]]></system-err>

  </testsuite>
</testsuites>
